c:\users\jelena\documents\visual studio 2013\projects\fim_gpu-master\fim_gpu-master\debug\vc120.pdb
c:\users\jelena\documents\visual studio 2013\projects\fim_gpu-master\fim_gpu-master\debug\vc120.idb
c:\users\jelena\documents\visual studio 2013\projects\fim_gpu-master\fim_gpu-master\debug\candidate_collection.obj
c:\users\jelena\documents\visual studio 2013\projects\fim_gpu-master\fim_gpu-master\debug\cpu_interface.obj
c:\users\jelena\documents\visual studio 2013\projects\fim_gpu-master\fim_gpu-master\debug\data_interface.obj
c:\users\jelena\documents\visual studio 2013\projects\fim_gpu-master\fim_gpu-master\debug\frontier.obj
c:\users\jelena\documents\visual studio 2013\projects\fim_gpu-master\fim_gpu-master\debug\frontier_node.obj
c:\users\jelena\documents\visual studio 2013\projects\fim_gpu-master\fim_gpu-master\debug\frontier_preexpand.obj
c:\users\jelena\documents\visual studio 2013\projects\fim_gpu-master\fim_gpu-master\debug\global.obj
c:\users\jelena\documents\visual studio 2013\projects\fim_gpu-master\fim_gpu-master\debug\job_manager.obj
c:\users\jelena\documents\visual studio 2013\projects\fim_gpu-master\fim_gpu-master\debug\main.obj
c:\users\jelena\documents\visual studio 2013\projects\fim_gpu-master\fim_gpu-master\debug\test.obj
c:\users\jelena\documents\visual studio 2013\projects\fim_gpu-master\fim_gpu-master\debug\test_case.obj
c:\users\jelena\documents\visual studio 2013\projects\fim_gpu-master\fim_gpu-master\debug\time_analysis.obj
c:\users\jelena\documents\visual studio 2013\projects\fim_gpu-master\fim_gpu-master\debug\cuprintf.cu.cache
c:\users\jelena\documents\visual studio 2013\projects\fim_gpu-master\fim_gpu-master\debug\gpu_interface.cu.cache
c:\users\jelena\documents\visual studio 2013\projects\fim_gpu-master\fim_gpu-master\debug\cuprintf.cu.obj
c:\users\jelena\documents\visual studio 2013\projects\fim_gpu-master\fim_gpu-master\debug\gpu_interface.cu.obj
c:\users\jelena\documents\visual studio 2013\projects\fim_gpu-master\fim_gpu-master\debug\fim_gpu-master.tlog\cl.command.1.tlog
c:\users\jelena\documents\visual studio 2013\projects\fim_gpu-master\fim_gpu-master\debug\fim_gpu-master.tlog\cl.read.1.tlog
c:\users\jelena\documents\visual studio 2013\projects\fim_gpu-master\fim_gpu-master\debug\fim_gpu-master.tlog\cl.write.1.tlog
